#
# A fatal error has been detected by the Java Runtime Environment:
#
#  EXCEPTION_ACCESS_VIOLATION (0xc0000005) at pc=0x00007ffb2638ebbc, pid=13344, tid=14456
#
# JRE version: Java(TM) SE Runtime Environment (11.0+28) (build 11+28)
# Java VM: Java HotSpot(TM) 64-Bit Server VM (11+28, mixed mode, tiered, compressed oops, g1 gc, windows-amd64)
# Problematic frame:
# V  [jvm.dll+0x60ebbc]
#
# No core dump will be written. Minidumps are not enabled by default on client versions of Windows
#
# If you would like to submit a bug report, please visit:
#   http://bugreport.java.com/bugreport/crash.jsp
#

---------------  S U M M A R Y ------------

Command Line: -Xmx10m -XX:+PrintStringTableStatistics -XX:+PrintGCDetails -verbose:gc -javaagent:E:\Program Files\JetBrains\IntelliJ IDEA 2020.2\lib\idea_rt.jar=10716:E:\Program Files\JetBrains\IntelliJ IDEA 2020.2\bin -Dfile.encoding=UTF-8 jvm.stringtable.StringTableGC

Host: Intel(R) Core(TM) i5-8300H CPU @ 2.30GHz, 8 cores, 15G,  Windows 10 , 64 bit Build 19041 (10.0.19041.1023)
Time: Wed Jul 28 10:23:53 2021 中国标准时间 elapsed time: 0 seconds (0d 0h 0m 0s)

---------------  T H R E A D  ---------------

Current thread is native thread

Stack: [0x0000001a23600000,0x0000001a23700000],  sp=0x0000001a236ffa90,  free space=1022k
Native frames: (J=compiled Java code, j=interpreted, Vv=VM code, C=native code)
V  [jvm.dll+0x60ebbc]
V  [jvm.dll+0x6d0965]
V  [jvm.dll+0x6d1cf0]
V  [jvm.dll+0x37527c]
V  [jvm.dll+0x73a0f7]
V  [jvm.dll+0x3dd0e8]
C  [java.exe+0x366a]
C  [java.exe+0x178dc]
C  [KERNEL32.DLL+0x17034]
C  [ntdll.dll+0x52651]


siginfo: EXCEPTION_ACCESS_VIOLATION (0xc0000005), reading address 0x0000000000000000


Register to memory mapping:

RIP=
[error occurred during error reporting (printing register info), id 0xc0000005, EXCEPTION_ACCESS_VIOLATION (0xc0000005) at pc=0x00007ffb264c1c91]

Registers:
RAX=0x000001c3033444e0, RBX=0x000001c303497c10, RCX=0x0000000000000000, RDX=0x0000000000000002
RSP=0x0000001a236ffa90, RBP=0x0000001a236ffdd8, RSI=0x0000000000000000, RDI=0x0000000000000000
R8 =0x0000001a236ffc58, R9 =0x000001c303327460, R10=0x0000000000000000, R11=0x0000001a236ffc10
R12=0x000001c30348b6c8, R13=0x000001c303327460, R14=0x000001c3034a8960, R15=0x0000000000000000
RIP=0x00007ffb2638ebbc, EFLAGS=0x0000000000010206

Top of Stack: (sp=0x0000001a236ffa90)
0x0000001a236ffa90:   000001c30348b6b0 000001c320023140
0x0000001a236ffaa0:   000001c320023150 0000000000000000
0x0000001a236ffab0:   000001c303327460 00007ffb26450965
0x0000001a236ffac0:   000001c303486960 00007ffb2639d15d
0x0000001a236ffad0:   0000000000000000 0000000000000000
0x0000001a236ffae0:   0000000000000000 0000000000000000
0x0000001a236ffaf0:   00007ffb26652488 0000000000000000
0x0000001a236ffb00:   0000000000000000 0000000000000000
0x0000001a236ffb10:   0000000000000000 0000000000000000
0x0000001a236ffb20:   3fe6666666666666 0000000000000000
0x0000001a236ffb30:   0000000000000000 0000000000000000
0x0000001a236ffb40:   40452e30cbc8f273 0000000000000000
0x0000001a236ffb50:   000000000009ade8 00007ffb260db157
0x0000001a236ffb60:   3ff540a7dc61fe62 00007ffb266184c0
0x0000001a236ffb70:   0000000000000009 0000000000000024
0x0000001a236ffb80:   40452e30cbc8f273 0000000000000124 

Instructions: (pc=0x00007ffb2638ebbc)
0x00007ffb2638eb9c:   cc bc 49 00 48 8b d9 65 48 8b 04 25 58 00 00 00
0x00007ffb2638ebac:   bf 08 00 00 00 48 8b 04 d0 48 8b 3c 07 48 8b cf
0x00007ffb2638ebbc:   48 8b 07 ff 50 18 84 c0 74 29 8b 05 00 84 47 00
0x00007ffb2638ebcc:   83 f8 02 75 1e 48 8b 43 08 48 85 c0 75 15 48 89 



---------------  P R O C E S S  ---------------

VM state:at safepoint (shutting down)

VM Mutex/Monitor currently owned by a thread:  ([mutex/lock_event])
[0x000001c303486180] Threads_lock - owner thread: 0x000001c31fc2e800

Heap address: 0x00000000ff600000, size: 10 MB, Compressed Oops mode: 32-bit
Narrow klass base: 0x0000000000000000, Narrow klass shift: 3
Compressed class space size: 1073741824 Address: 0x0000000100000000

Heap:
 garbage-first heap   total 10240K, used 1024K [0x00000000ff600000, 0x0000000100000000)
  region size 1024K, 2 young (2048K), 0 survivors (0K)
 Metaspace       used 6352K, capacity 6379K, committed 6528K, reserved 1056768K
  class space    used 554K, capacity 570K, committed 640K, reserved 1048576K
Heap Regions: E=young(eden), S=young(survivor), O=old, HS=humongous(starts), HC=humongous(continues), CS=collection set, F=free, A=archive, TAMS=top-at-mark-start (previous, next)
|   0|0x00000000ff600000, 0x00000000ff600000, 0x00000000ff700000|  0%| F|  |TAMS 0x00000000ff600000, 0x00000000ff600000| Untracked 
|   1|0x00000000ff700000, 0x00000000ff700000, 0x00000000ff800000|  0%| F|  |TAMS 0x00000000ff700000, 0x00000000ff700000| Untracked 
|   2|0x00000000ff800000, 0x00000000ff800000, 0x00000000ff900000|  0%| F|  |TAMS 0x00000000ff800000, 0x00000000ff800000| Untracked 
|   3|0x00000000ff900000, 0x00000000ff900000, 0x00000000ffa00000|  0%| F|  |TAMS 0x00000000ff900000, 0x00000000ff900000| Untracked 
|   4|0x00000000ffa00000, 0x00000000ffa00000, 0x00000000ffb00000|  0%| F|  |TAMS 0x00000000ffa00000, 0x00000000ffa00000| Untracked 
|   5|0x00000000ffb00000, 0x00000000ffb00000, 0x00000000ffc00000|  0%| F|  |TAMS 0x00000000ffb00000, 0x00000000ffb00000| Untracked 
|   6|0x00000000ffc00000, 0x00000000ffc00000, 0x00000000ffd00000|  0%| F|  |TAMS 0x00000000ffc00000, 0x00000000ffc00000| Untracked 
|   7|0x00000000ffd00000, 0x00000000ffd00000, 0x00000000ffe00000|  0%| F|  |TAMS 0x00000000ffd00000, 0x00000000ffd00000| Untracked 
|   8|0x00000000ffe00000, 0x00000000ffef6760, 0x00000000fff00000| 96%| E|  |TAMS 0x00000000ffe00000, 0x00000000ffe00000| Complete 
|   9|0x00000000fff00000, 0x0000000100000000, 0x0000000100000000|100%| E|CS|TAMS 0x00000000fff00000, 0x00000000fff00000| Complete 

Card table byte_map: [0x000001c3035b0000,0x000001c3035c0000] _byte_map_base: 0x000001c302db5000

Marking Bits (Prev, Next): (CMBitMap*) 0x000001c3034a7cd8, (CMBitMap*) 0x000001c3034a7d10
 Prev Bits: [0x000001c31ca50000, 0x000001c31ca78000)
 Next Bits: [0x000001c31ca80000, 0x000001c31caa8000)

Polling page: 0x000001c303570000

Metaspace:

Usage:
  Non-class:      5.67 MB capacity,     5.66 MB (>99%) used,     7.48 KB ( <1%) free+waste,     3.44 KB ( <1%) overhead. 
      Class:    570.00 KB capacity,   554.09 KB ( 97%) used,    14.29 KB (  3%) free+waste,     1.63 KB ( <1%) overhead. 
       Both:      6.23 MB capacity,     6.20 MB (>99%) used,    21.77 KB ( <1%) free+waste,     5.06 KB ( <1%) overhead. 

Virtual space:
  Non-class space:        8.00 MB reserved,       5.75 MB ( 72%) committed 
      Class space:        1.00 GB reserved,     640.00 KB ( <1%) committed 
             Both:        1.01 GB reserved,       6.38 MB ( <1%) committed 

Chunk freelists:
   Non-Class:  1.88 KB
       Class:  768 bytes
        Both:  2.63 KB

CodeHeap 'non-profiled nmethods': size=120000Kb used=63Kb max_used=63Kb free=119936Kb
 bounds [0x000001c314ab0000, 0x000001c314d20000, 0x000001c31bfe0000]
CodeHeap 'profiled nmethods': size=120000Kb used=247Kb max_used=247Kb free=119752Kb
 bounds [0x000001c30d580000, 0x000001c30d7f0000, 0x000001c314ab0000]
CodeHeap 'non-nmethods': size=5760Kb used=1051Kb max_used=1051Kb free=4708Kb
 bounds [0x000001c30cfe0000, 0x000001c30d250000, 0x000001c30d580000]
 total_blobs=608 nmethods=201 adapters=250
 compilation: enabled
              stopped_count=0, restarted_count=0
 full_count=0

Compilation events (10 events):
Event: 0.443 Thread 0x000001c31fcd8800  196       3       java.lang.StringLatin1::lastIndexOf (40 bytes)
Event: 0.443 Thread 0x000001c31fcd8800 nmethod 196 0x000001c30d5bc490 code [0x000001c30d5bc660, 0x000001c30d5bca78]
Event: 0.443 Thread 0x000001c31fcd8800  197       3       java.lang.Character::toLowerCase (9 bytes)
Event: 0.444 Thread 0x000001c31fcd8800 nmethod 197 0x000001c30d5bcc10 code [0x000001c30d5bcde0, 0x000001c30d5bd020]
Event: 0.444 Thread 0x000001c31fcd8800  198       3       java.lang.CharacterDataLatin1::toLowerCase (39 bytes)
Event: 0.444 Thread 0x000001c31fcd8800 nmethod 198 0x000001c30d5bd110 code [0x000001c30d5bd2e0, 0x000001c30d5bd578]
Event: 0.450 Thread 0x000001c31fcd8800  199       3       java.io.WinNTFileSystem::isSlash (18 bytes)
Event: 0.450 Thread 0x000001c31fcd8800 nmethod 199 0x000001c30d5bd690 code [0x000001c30d5bd840, 0x000001c30d5bda38]
Event: 0.450 Thread 0x000001c31fcd8800  200       3       sun.nio.fs.WindowsPathParser::isSlash (18 bytes)
Event: 0.450 Thread 0x000001c31fcd8800 nmethod 200 0x000001c30d5bdb10 code [0x000001c30d5bdcc0, 0x000001c30d5bde98]

GC Heap History (0 events):
No events

Deoptimization events (2 events):
Event: 0.366 Thread 0x000001c30348a800 Uncommon trap: reason=class_check action=maybe_recompile pc=0x000001c314abe0d4 method=java.util.HashMap.putVal(ILjava/lang/Object;Ljava/lang/Object;ZZ)Ljava/lang/Object; @ 152 c2
Event: 0.432 Thread 0x000001c30348a800 Uncommon trap: reason=class_check action=maybe_recompile pc=0x000001c314abe0d4 method=java.util.HashMap.putVal(ILjava/lang/Object;Ljava/lang/Object;ZZ)Ljava/lang/Object; @ 152 c2

Classes redefined (0 events):
No events

Internal exceptions (0 events):
No events

Events (10 events):
Event: 0.451 loading class java/lang/Shutdown done
Event: 0.451 loading class java/lang/Shutdown$Lock
Event: 0.451 loading class java/net/InetAddress$PlatformNameService
Event: 0.451 loading class java/lang/Shutdown$Lock done
Event: 0.451 loading class java/net/InetAddress$NameService
Event: 0.451 loading class java/net/InetAddress$NameService done
Event: 0.451 loading class java/net/InetAddress$PlatformNameService done
Event: 0.451 loading class sun/net/util/IPAddressUtil
Event: 0.451 loading class sun/net/util/IPAddressUtil done
Event: 0.451 Thread 0x000001c30348a800 Thread exited: 0x000001c30348a800


Dynamic libraries:
0x00007ff67ca60000 - 0x00007ff67caa7000 	D:\Program Files\Java\jdk-11\bin\java.exe
0x00007ffb6a890000 - 0x00007ffb6aa85000 	C:\WINDOWS\SYSTEM32\ntdll.dll
0x00007ffb69030000 - 0x00007ffb690ed000 	C:\WINDOWS\System32\KERNEL32.DLL
0x00007ffb681e0000 - 0x00007ffb684a9000 	C:\WINDOWS\System32\KERNELBASE.dll
0x00007ffb68b70000 - 0x00007ffb68c1c000 	C:\WINDOWS\System32\ADVAPI32.dll
0x00007ffb68f90000 - 0x00007ffb6902e000 	C:\WINDOWS\System32\msvcrt.dll
0x00007ffb6a720000 - 0x00007ffb6a7bb000 	C:\WINDOWS\System32\sechost.dll
0x00007ffb697c0000 - 0x00007ffb698ea000 	C:\WINDOWS\System32\RPCRT4.dll
0x00007ffb69150000 - 0x00007ffb692f0000 	C:\WINDOWS\System32\USER32.dll
0x00007ffb68610000 - 0x00007ffb68632000 	C:\WINDOWS\System32\win32u.dll
0x00007ffb6a390000 - 0x00007ffb6a3ba000 	C:\WINDOWS\System32\GDI32.dll
0x00007ffb68640000 - 0x00007ffb6874b000 	C:\WINDOWS\System32\gdi32full.dll
0x00007ffb68000000 - 0x00007ffb6809d000 	C:\WINDOWS\System32\msvcp_win.dll
0x00007ffb68800000 - 0x00007ffb68900000 	C:\WINDOWS\System32\ucrtbase.dll
0x00007ffb525e0000 - 0x00007ffb5287a000 	C:\WINDOWS\WinSxS\amd64_microsoft.windows.common-controls_6595b64144ccf1df_6.0.19041.1110_none_60b5254171f9507e\COMCTL32.dll
0x00007ffb60a40000 - 0x00007ffb60a4a000 	C:\WINDOWS\SYSTEM32\VERSION.dll
0x00007ffb6a360000 - 0x00007ffb6a390000 	C:\WINDOWS\System32\IMM32.DLL
0x00007ffb631a0000 - 0x00007ffb631b6000 	D:\Program Files\Java\jdk-11\bin\vcruntime140.dll
0x00007ffb5b360000 - 0x00007ffb5b40a000 	D:\Program Files\Java\jdk-11\bin\msvcp140.dll
0x00007ffb25d80000 - 0x00007ffb268c2000 	D:\Program Files\Java\jdk-11\bin\server\jvm.dll
0x00007ffb68c20000 - 0x00007ffb68c28000 	C:\WINDOWS\System32\PSAPI.DLL
0x00007ffb52aa0000 - 0x00007ffb52ac7000 	C:\WINDOWS\SYSTEM32\WINMM.dll
0x00007ffb52dd0000 - 0x00007ffb52dd9000 	C:\WINDOWS\SYSTEM32\WSOCK32.dll
0x00007ffb6a6a0000 - 0x00007ffb6a70b000 	C:\WINDOWS\System32\WS2_32.dll
0x00007ffb660c0000 - 0x00007ffb660d2000 	C:\WINDOWS\SYSTEM32\kernel.appcore.dll
0x00007ffb62290000 - 0x00007ffb622a1000 	D:\Program Files\Java\jdk-11\bin\verify.dll
0x00007ffb65d90000 - 0x00007ffb65f74000 	C:\WINDOWS\SYSTEM32\DBGHELP.DLL
0x00007ffb4ff00000 - 0x00007ffb4ff2c000 	C:\WINDOWS\SYSTEM32\dbgcore.DLL
0x00007ffb68150000 - 0x00007ffb681d3000 	C:\WINDOWS\System32\bcryptPrimitives.dll
0x00007ffb62260000 - 0x00007ffb62289000 	D:\Program Files\Java\jdk-11\bin\java.dll
0x00007ffb60230000 - 0x00007ffb6025f000 	D:\Program Files\Java\jdk-11\bin\instrument.dll
0x00007ffb602f0000 - 0x00007ffb60306000 	D:\Program Files\Java\jdk-11\bin\zip.dll
0x00007ffb64c00000 - 0x00007ffb64c0a000 	D:\Program Files\Java\jdk-11\bin\jimage.dll
0x00007ffb698f0000 - 0x00007ffb6a02f000 	C:\WINDOWS\System32\SHELL32.dll
0x00007ffb660e0000 - 0x00007ffb66871000 	C:\WINDOWS\SYSTEM32\windows.storage.dll
0x00007ffb68c30000 - 0x00007ffb68f85000 	C:\WINDOWS\System32\combase.dll
0x00007ffb67a40000 - 0x00007ffb67a6c000 	C:\WINDOWS\SYSTEM32\Wldp.dll
0x00007ffb689f0000 - 0x00007ffb68a9e000 	C:\WINDOWS\System32\SHCORE.dll
0x00007ffb690f0000 - 0x00007ffb69145000 	C:\WINDOWS\System32\shlwapi.dll
0x00007ffb67f10000 - 0x00007ffb67f2f000 	C:\WINDOWS\SYSTEM32\profapi.dll
0x00007ffb602d0000 - 0x00007ffb602e9000 	D:\Program Files\Java\jdk-11\bin\net.dll
0x00007ffb5c100000 - 0x00007ffb5c20a000 	C:\WINDOWS\SYSTEM32\WINHTTP.dll
0x00007ffb67730000 - 0x00007ffb6779a000 	C:\WINDOWS\system32\mswsock.dll
0x00007ffb60210000 - 0x00007ffb60223000 	D:\Program Files\Java\jdk-11\bin\nio.dll
0x00007ffb601f0000 - 0x00007ffb6020a000 	E:\Program Files\JetBrains\IntelliJ IDEA 2020.2\bin\breakgen64.dll

dbghelp: loaded successfully - version: 4.0.5 - missing functions: none
symbol engine: initialized successfully - sym options: 0x614 - pdb path: .;D:\Program Files\Java\jdk-11\bin;C:\WINDOWS\SYSTEM32;C:\WINDOWS\WinSxS\amd64_microsoft.windows.common-controls_6595b64144ccf1df_6.0.19041.1110_none_60b5254171f9507e;D:\Program Files\Java\jdk-11\bin\server;E:\Program Files\JetBrains\IntelliJ IDEA 2020.2\bin

VM Arguments:
jvm_args: -Xmx10m -XX:+PrintStringTableStatistics -XX:+PrintGCDetails -verbose:gc -javaagent:E:\Program Files\JetBrains\IntelliJ IDEA 2020.2\lib\idea_rt.jar=10716:E:\Program Files\JetBrains\IntelliJ IDEA 2020.2\bin -Dfile.encoding=UTF-8 
java_command: jvm.stringtable.StringTableGC
java_class_path (initial): D:\Code\JavaEE\JVM\target\classes
Launcher Type: SUN_STANDARD

[Global flags]
     intx CICompilerCount                          = 4                                         {product} {ergonomic}
     uint ConcGCThreads                            = 2                                         {product} {ergonomic}
     uint G1ConcRefinementThreads                  = 8                                         {product} {ergonomic}
   size_t G1HeapRegionSize                         = 1048576                                   {product} {ergonomic}
    uintx GCDrainStackTargetSize                   = 64                                        {product} {ergonomic}
   size_t InitialHeapSize                          = 10485760                                  {product} {ergonomic}
   size_t MarkStackSize                            = 4194304                                   {product} {ergonomic}
   size_t MaxHeapSize                              = 10485760                                  {product} {command line}
   size_t MaxNewSize                               = 6291456                                   {product} {ergonomic}
   size_t MinHeapDeltaBytes                        = 1048576                                   {product} {ergonomic}
    uintx NonNMethodCodeHeapSize                   = 5835340                                {pd product} {ergonomic}
    uintx NonProfiledCodeHeapSize                  = 122911450                              {pd product} {ergonomic}
     bool PrintGCDetails                           = true                                      {product} {command line}
     bool PrintStringTableStatistics               = true                                      {product} {command line}
    uintx ProfiledCodeHeapSize                     = 122911450                              {pd product} {ergonomic}
    uintx ReservedCodeCacheSize                    = 251658240                              {pd product} {ergonomic}
     bool SegmentedCodeCache                       = true                                      {product} {ergonomic}
     bool UseCompressedClassPointers               = true                                 {lp64_product} {ergonomic}
     bool UseCompressedOops                        = true                                 {lp64_product} {ergonomic}
     bool UseG1GC                                  = true                                      {product} {ergonomic}
     bool UseLargePagesIndividualAllocation        = false                                  {pd product} {ergonomic}

Logging:
Log output configuration:
 #0: stdout all=warning,gc*=info uptime,level,tags
 #1: stderr all=off uptime,level,tags

Environment Variables:
JAVA_HOME=D:\Program Files\Java\jdk-11
PATH=C:\Program Files\NVIDIA GPU Computing Toolkit\CUDA\v10.1\bin;C:\Program Files\NVIDIA GPU Computing Toolkit\CUDA\v10.1\libnvvp;D:\ProgramData\Miniconda3;D:\ProgramData\Miniconda3\Library\mingw-w64\bin;D:\ProgramData\Miniconda3\Library\usr\bin;D:\ProgramData\Miniconda3\Library\bin;D:\ProgramData\Miniconda3\Scripts;D:\ProgramData\cuda\bin;C:\Program Files\NVIDIA GPU Computing Toolkit\CUDA\v10.0\bin;C:\Program Files\NVIDIA GPU Computing Toolkit\CUDA\v10.0\libnvvp;D:\Program Files\Python\Scripts\;D:\Program Files\Python\;C:\Windows\system32;C:\Windows;C:\Windows\System32\Wbem;C:\Windows\System32\WindowsPowerShell\v1.0\;C:\Windows\System32\OpenSSH\;D:\Program Files\Java\jdk-11\bin;D:\Program Files\apache-maven-3.6.3\bin;D:\Program Files\Git\cmd;C:\WINDOWS\system32;C:\WINDOWS;C:\WINDOWS\System32\Wbem;C:\WINDOWS\System32\WindowsPowerShell\v1.0\;C:\WINDOWS\System32\OpenSSH\;C:\Program Files (x86)\NVIDIA Corporation\PhysX\Common;D:\Program Files\mysql-8.0.21-winx64\mysql-8.0.21-winx64\bin;C:\Program Files\NVIDIA Corporation\NVIDIA NvDLISR;C:\Program Files\NVIDIA Corporation\NVSMI;C:\Program Files (x86)\Windows Kits\8.1\Windows Performance Toolkit\;D:\Program Files\MinGW\mingw64\bin;C:\Program Files\NVIDIA Corporation\Nsight Compute 2019.1\;D:\Program Files\nodejs\;%SystemRoot%\system32;%SystemRoot%;%SystemRoot%\System32\Wbem;%SYSTEMROOT%\System32\WindowsPowerShell\v1.0\;%SYSTEMROOT%\System32\OpenSSH\;C:\Users\Administrator\AppData\Local\Microsoft\WindowsApps;E:\Program Files\JetBrains\IntelliJ IDEA 2020.2\bin;;E:\Program Files\JetBrains\PyCharm 2020.2\bin;;D:\Program Files\Java\jdk-11\bin;;D:\Program Files (x86)\Microsoft VS Code\bin;C:\Users\Administrator\AppData\Roaming\npm
USERNAME=Administrator
OS=Windows_NT
PROCESSOR_IDENTIFIER=Intel64 Family 6 Model 158 Stepping 10, GenuineIntel



---------------  S Y S T E M  ---------------

OS: Windows 10 , 64 bit Build 19041 (10.0.19041.1023)

CPU:total 8 (initial active 8) (4 cores per cpu, 2 threads per core) family 6 model 158 stepping 10, cmov, cx8, fxsr, mmx, sse, sse2, sse3, ssse3, sse4.1, sse4.2, popcnt, avx, avx2, aes, clmul, erms, 3dnowpref, lzcnt, ht, tsc, tscinvbit, bmi1, bmi2, adx, fma

Memory: 4k page, system-wide physical 16244M (10112M free)
TotalPageFile size 22240M (AvailPageFile size 13837M)
current process WorkingSet (physical memory assigned to process): 32M, peak: 32M
current process commit charge ("private bytes"): 82M, peak: 83M

vm_info: Java HotSpot(TM) 64-Bit Server VM (11+28) for windows-amd64 JRE (11+28), built on Aug 23 2018 03:03:59 by "mach5one" with MS VC++ 15.5 (VS2017)

END.
