#
# A fatal error has been detected by the Java Runtime Environment:
#
#  EXCEPTION_ACCESS_VIOLATION (0xc0000005) at pc=0x00007ffb2f06ebbc, pid=3572, tid=14220
#
# JRE version: Java(TM) SE Runtime Environment (11.0+28) (build 11+28)
# Java VM: Java HotSpot(TM) 64-Bit Server VM (11+28, mixed mode, tiered, compressed oops, g1 gc, windows-amd64)
# Problematic frame:
# V  [jvm.dll+0x60ebbc]
#
# No core dump will be written. Minidumps are not enabled by default on client versions of Windows
#
# If you would like to submit a bug report, please visit:
#   http://bugreport.java.com/bugreport/crash.jsp
#

---------------  S U M M A R Y ------------

Command Line: -Xmx10m -XX:+PrintStringTableStatistics -XX:+PrintGCDetails -verbose:gc -javaagent:E:\Program Files\JetBrains\IntelliJ IDEA 2020.2\lib\idea_rt.jar=5249:E:\Program Files\JetBrains\IntelliJ IDEA 2020.2\bin -Dfile.encoding=UTF-8 jvm.stringtable.StringTableGC

Host: Intel(R) Core(TM) i5-8300H CPU @ 2.30GHz, 8 cores, 15G,  Windows 10 , 64 bit Build 19041 (10.0.19041.1023)
Time: Tue Jul 27 21:30:24 2021 中国标准时间 elapsed time: 0 seconds (0d 0h 0m 0s)

---------------  T H R E A D  ---------------

Current thread is native thread

Stack: [0x0000009291700000,0x0000009291800000],  sp=0x00000092917ff3f0,  free space=1020k
Native frames: (J=compiled Java code, j=interpreted, Vv=VM code, C=native code)
V  [jvm.dll+0x60ebbc]
V  [jvm.dll+0x6d0965]
V  [jvm.dll+0x6d1cf0]
V  [jvm.dll+0x37527c]
V  [jvm.dll+0x73a0f7]
V  [jvm.dll+0x3dd0e8]
C  [java.exe+0x366a]
C  [java.exe+0x178dc]
C  [KERNEL32.DLL+0x17034]
C  [ntdll.dll+0x52651]


siginfo: EXCEPTION_ACCESS_VIOLATION (0xc0000005), reading address 0x0000000000000000


Register to memory mapping:

RIP=
[error occurred during error reporting (printing register info), id 0xc0000005, EXCEPTION_ACCESS_VIOLATION (0xc0000005) at pc=0x00007ffb2f1a1c91]

Registers:
RAX=0x000001a9de934110, RBX=0x000001a9e0296b30, RCX=0x0000000000000000, RDX=0x0000000000000002
RSP=0x00000092917ff3f0, RBP=0x00000092917ff738, RSI=0x0000000000000000, RDI=0x0000000000000000
R8 =0x00000092917ff5b8, R9 =0x000001a9de919c10, R10=0x0000000000000000, R11=0x00000092917ff570
R12=0x000001a9e028bab8, R13=0x000001a9de919c10, R14=0x000001a9e02aafd0, R15=0x0000000000000000
RIP=0x00007ffb2f06ebbc, EFLAGS=0x0000000000010206

Top of Stack: (sp=0x00000092917ff3f0)
0x00000092917ff3f0:   000001a9e028baa0 000001a9e02dc890
0x00000092917ff400:   000001a9e02dc8a0 0000000000000000
0x00000092917ff410:   000001a9de919c10 00007ffb2f130965
0x00000092917ff420:   000001a9e0287fe0 00007ffb2f07d15d
0x00000092917ff430:   0000000000000000 0000000000000000
0x00000092917ff440:   0000000000000000 0000000000000000
0x00000092917ff450:   00007ffb2f332488 0000000000000000
0x00000092917ff460:   0000000000000000 0000000000000000
0x00000092917ff470:   0000000000000000 0000000000000000
0x00000092917ff480:   3fe6666666666666 0000000000000000
0x00000092917ff490:   0000000000000000 0000000000000000
0x00000092917ff4a0:   404531c0b22cb7e1 0000000000000000
0x00000092917ff4b0:   000000000009aa28 00007ffb2edbb157
0x00000092917ff4c0:   3ff53727c3b07a80 00007ffb2f2f84c0
0x00000092917ff4d0:   0000000000000009 0000000000000024
0x00000092917ff4e0:   404531c0b22cb7e1 0000000000000128 

Instructions: (pc=0x00007ffb2f06ebbc)
0x00007ffb2f06eb9c:   cc bc 49 00 48 8b d9 65 48 8b 04 25 58 00 00 00
0x00007ffb2f06ebac:   bf 08 00 00 00 48 8b 04 d0 48 8b 3c 07 48 8b cf
0x00007ffb2f06ebbc:   48 8b 07 ff 50 18 84 c0 74 29 8b 05 00 84 47 00
0x00007ffb2f06ebcc:   83 f8 02 75 1e 48 8b 43 08 48 85 c0 75 15 48 89 



---------------  P R O C E S S  ---------------

VM state:at safepoint (shutting down)

VM Mutex/Monitor currently owned by a thread:  ([mutex/lock_event])
[0x000001a9e0286330] Threads_lock - owner thread: 0x000001a9e036e800

Heap address: 0x00000000ff600000, size: 10 MB, Compressed Oops mode: 32-bit
Narrow klass base: 0x0000000000000000, Narrow klass shift: 3
Compressed class space size: 1073741824 Address: 0x0000000100000000

Heap:
 garbage-first heap   total 10240K, used 1024K [0x00000000ff600000, 0x0000000100000000)
  region size 1024K, 2 young (2048K), 0 survivors (0K)
 Metaspace       used 6325K, capacity 6379K, committed 6528K, reserved 1056768K
  class space    used 550K, capacity 570K, committed 640K, reserved 1048576K
Heap Regions: E=young(eden), S=young(survivor), O=old, HS=humongous(starts), HC=humongous(continues), CS=collection set, F=free, A=archive, TAMS=top-at-mark-start (previous, next)
|   0|0x00000000ff600000, 0x00000000ff600000, 0x00000000ff700000|  0%| F|  |TAMS 0x00000000ff600000, 0x00000000ff600000| Untracked 
|   1|0x00000000ff700000, 0x00000000ff700000, 0x00000000ff800000|  0%| F|  |TAMS 0x00000000ff700000, 0x00000000ff700000| Untracked 
|   2|0x00000000ff800000, 0x00000000ff800000, 0x00000000ff900000|  0%| F|  |TAMS 0x00000000ff800000, 0x00000000ff800000| Untracked 
|   3|0x00000000ff900000, 0x00000000ff900000, 0x00000000ffa00000|  0%| F|  |TAMS 0x00000000ff900000, 0x00000000ff900000| Untracked 
|   4|0x00000000ffa00000, 0x00000000ffa00000, 0x00000000ffb00000|  0%| F|  |TAMS 0x00000000ffa00000, 0x00000000ffa00000| Untracked 
|   5|0x00000000ffb00000, 0x00000000ffb00000, 0x00000000ffc00000|  0%| F|  |TAMS 0x00000000ffb00000, 0x00000000ffb00000| Untracked 
|   6|0x00000000ffc00000, 0x00000000ffc00000, 0x00000000ffd00000|  0%| F|  |TAMS 0x00000000ffc00000, 0x00000000ffc00000| Untracked 
|   7|0x00000000ffd00000, 0x00000000ffd00000, 0x00000000ffe00000|  0%| F|  |TAMS 0x00000000ffd00000, 0x00000000ffd00000| Untracked 
|   8|0x00000000ffe00000, 0x00000000ffef66f0, 0x00000000fff00000| 96%| E|  |TAMS 0x00000000ffe00000, 0x00000000ffe00000| Complete 
|   9|0x00000000fff00000, 0x0000000100000000, 0x0000000100000000|100%| E|CS|TAMS 0x00000000fff00000, 0x00000000fff00000| Complete 

Card table byte_map: [0x000001a9f8060000,0x000001a9f8070000] _byte_map_base: 0x000001a9f7865000

Marking Bits (Prev, Next): (CMBitMap*) 0x000001a9e02aa6a8, (CMBitMap*) 0x000001a9e02aa6e0
 Prev Bits: [0x000001a9f8080000, 0x000001a9f80a8000)
 Next Bits: [0x000001a9f80b0000, 0x000001a9f80d8000)

Polling page: 0x000001a9e0370000

Metaspace:

Usage:
  Non-class:      5.67 MB capacity,     5.64 MB (>99%) used,    31.44 KB ( <1%) free+waste,     3.44 KB ( <1%) overhead. 
      Class:    570.00 KB capacity,   550.90 KB ( 97%) used,    17.48 KB (  3%) free+waste,     1.63 KB ( <1%) overhead. 
       Both:      6.23 MB capacity,     6.18 MB (>99%) used,    48.91 KB ( <1%) free+waste,     5.06 KB ( <1%) overhead. 

Virtual space:
  Non-class space:        8.00 MB reserved,       5.75 MB ( 72%) committed 
      Class space:        1.00 GB reserved,     640.00 KB ( <1%) committed 
             Both:        1.01 GB reserved,       6.38 MB ( <1%) committed 

Chunk freelists:
   Non-Class:  1.88 KB
       Class:  768 bytes
        Both:  2.63 KB

CodeHeap 'non-profiled nmethods': size=120000Kb used=62Kb max_used=62Kb free=119937Kb
 bounds [0x000001a9f00b0000, 0x000001a9f0320000, 0x000001a9f75e0000]
CodeHeap 'profiled nmethods': size=120000Kb used=227Kb max_used=227Kb free=119772Kb
 bounds [0x000001a9e8b80000, 0x000001a9e8df0000, 0x000001a9f00b0000]
CodeHeap 'non-nmethods': size=5760Kb used=1050Kb max_used=1061Kb free=4709Kb
 bounds [0x000001a9e85e0000, 0x000001a9e8850000, 0x000001a9e8b80000]
 total_blobs=600 nmethods=192 adapters=249
 compilation: enabled
              stopped_count=0, restarted_count=0
 full_count=0

Compilation events (10 events):
Event: 0.138 Thread 0x000001a9fb31f800  187       3       java.lang.Character::toLowerCase (9 bytes)
Event: 0.138 Thread 0x000001a9fb31f800 nmethod 187 0x000001a9e8bb7c90 code [0x000001a9e8bb7e60, 0x000001a9e8bb80a0]
Event: 0.138 Thread 0x000001a9fb31f800  188       3       java.lang.CharacterDataLatin1::toLowerCase (39 bytes)
Event: 0.138 Thread 0x000001a9fb31c000  189       4       java.lang.String::isLatin1 (19 bytes)
Event: 0.138 Thread 0x000001a9fb31f800 nmethod 188 0x000001a9e8bb8190 code [0x000001a9e8bb8360, 0x000001a9e8bb85f8]
Event: 0.138 Thread 0x000001a9fb31c000 nmethod 189 0x000001a9f00bf290 code [0x000001a9f00bf420, 0x000001a9f00bf498]
Event: 0.142 Thread 0x000001a9fb31f800  190       3       java.io.WinNTFileSystem::isSlash (18 bytes)
Event: 0.142 Thread 0x000001a9fb31f800 nmethod 190 0x000001a9e8bb8710 code [0x000001a9e8bb88c0, 0x000001a9e8bb8ab8]
Event: 0.142 Thread 0x000001a9fb31f800  191       3       sun.nio.fs.WindowsPathParser::isSlash (18 bytes)
Event: 0.142 Thread 0x000001a9fb31f800 nmethod 191 0x000001a9e8bb8b90 code [0x000001a9e8bb8d40, 0x000001a9e8bb8f18]

GC Heap History (0 events):
No events

Deoptimization events (0 events):
No events

Classes redefined (0 events):
No events

Internal exceptions (0 events):
No events

Events (10 events):
Event: 0.142 loading class java/lang/Shutdown done
Event: 0.142 loading class java/lang/Shutdown$Lock
Event: 0.142 loading class java/util/concurrent/atomic/LongAdder
Event: 0.142 loading class java/lang/Shutdown$Lock done
Event: 0.142 loading class java/util/concurrent/atomic/Striped64
Event: 0.143 loading class java/util/concurrent/atomic/Striped64 done
Event: 0.143 loading class java/util/concurrent/atomic/LongAdder done
Event: 0.143 loading class java/util/concurrent/ConcurrentSkipListMap$Node
Event: 0.143 loading class java/util/concurrent/ConcurrentSkipListMap$Node done
Event: 0.143 Thread 0x000001a9e028a800 Thread exited: 0x000001a9e028a800


Dynamic libraries:
0x00007ff71c860000 - 0x00007ff71c8a7000 	D:\Program Files\Java\jdk-11\bin\java.exe
0x00007ffb6a890000 - 0x00007ffb6aa85000 	C:\WINDOWS\SYSTEM32\ntdll.dll
0x00007ffb69030000 - 0x00007ffb690ed000 	C:\WINDOWS\System32\KERNEL32.DLL
0x00007ffb681e0000 - 0x00007ffb684a9000 	C:\WINDOWS\System32\KERNELBASE.dll
0x00007ffb68b70000 - 0x00007ffb68c1c000 	C:\WINDOWS\System32\ADVAPI32.dll
0x00007ffb68f90000 - 0x00007ffb6902e000 	C:\WINDOWS\System32\msvcrt.dll
0x00007ffb6a720000 - 0x00007ffb6a7bb000 	C:\WINDOWS\System32\sechost.dll
0x00007ffb697c0000 - 0x00007ffb698ea000 	C:\WINDOWS\System32\RPCRT4.dll
0x00007ffb69150000 - 0x00007ffb692f0000 	C:\WINDOWS\System32\USER32.dll
0x00007ffb68610000 - 0x00007ffb68632000 	C:\WINDOWS\System32\win32u.dll
0x00007ffb6a390000 - 0x00007ffb6a3ba000 	C:\WINDOWS\System32\GDI32.dll
0x00007ffb68640000 - 0x00007ffb6874b000 	C:\WINDOWS\System32\gdi32full.dll
0x00007ffb68000000 - 0x00007ffb6809d000 	C:\WINDOWS\System32\msvcp_win.dll
0x00007ffb68800000 - 0x00007ffb68900000 	C:\WINDOWS\System32\ucrtbase.dll
0x00007ffb525e0000 - 0x00007ffb5287a000 	C:\WINDOWS\WinSxS\amd64_microsoft.windows.common-controls_6595b64144ccf1df_6.0.19041.1110_none_60b5254171f9507e\COMCTL32.dll
0x00007ffb60a40000 - 0x00007ffb60a4a000 	C:\WINDOWS\SYSTEM32\VERSION.dll
0x00007ffb6a360000 - 0x00007ffb6a390000 	C:\WINDOWS\System32\IMM32.DLL
0x00007ffb61d40000 - 0x00007ffb61d56000 	D:\Program Files\Java\jdk-11\bin\vcruntime140.dll
0x00007ffb5be20000 - 0x00007ffb5beca000 	D:\Program Files\Java\jdk-11\bin\msvcp140.dll
0x00007ffb2ea60000 - 0x00007ffb2f5a2000 	D:\Program Files\Java\jdk-11\bin\server\jvm.dll
0x00007ffb68c20000 - 0x00007ffb68c28000 	C:\WINDOWS\System32\PSAPI.DLL
0x00007ffb52dd0000 - 0x00007ffb52dd9000 	C:\WINDOWS\SYSTEM32\WSOCK32.dll
0x00007ffb6a6a0000 - 0x00007ffb6a70b000 	C:\WINDOWS\System32\WS2_32.dll
0x00007ffb52aa0000 - 0x00007ffb52ac7000 	C:\WINDOWS\SYSTEM32\WINMM.dll
0x00007ffb660c0000 - 0x00007ffb660d2000 	C:\WINDOWS\SYSTEM32\kernel.appcore.dll
0x00007ffb61d20000 - 0x00007ffb61d31000 	D:\Program Files\Java\jdk-11\bin\verify.dll
0x00007ffb65d90000 - 0x00007ffb65f74000 	C:\WINDOWS\SYSTEM32\DBGHELP.DLL
0x00007ffb4ff00000 - 0x00007ffb4ff2c000 	C:\WINDOWS\SYSTEM32\dbgcore.DLL
0x00007ffb68150000 - 0x00007ffb681d3000 	C:\WINDOWS\System32\bcryptPrimitives.dll
0x00007ffb601e0000 - 0x00007ffb60209000 	D:\Program Files\Java\jdk-11\bin\java.dll
0x00007ffb60020000 - 0x00007ffb6004f000 	D:\Program Files\Java\jdk-11\bin\instrument.dll
0x00007ffb601c0000 - 0x00007ffb601d6000 	D:\Program Files\Java\jdk-11\bin\zip.dll
0x00007ffb64c10000 - 0x00007ffb64c1a000 	D:\Program Files\Java\jdk-11\bin\jimage.dll
0x00007ffb698f0000 - 0x00007ffb6a02f000 	C:\WINDOWS\System32\SHELL32.dll
0x00007ffb660e0000 - 0x00007ffb66871000 	C:\WINDOWS\SYSTEM32\windows.storage.dll
0x00007ffb68c30000 - 0x00007ffb68f85000 	C:\WINDOWS\System32\combase.dll
0x00007ffb67a40000 - 0x00007ffb67a6c000 	C:\WINDOWS\SYSTEM32\Wldp.dll
0x00007ffb689f0000 - 0x00007ffb68a9e000 	C:\WINDOWS\System32\SHCORE.dll
0x00007ffb690f0000 - 0x00007ffb69145000 	C:\WINDOWS\System32\shlwapi.dll
0x00007ffb67f10000 - 0x00007ffb67f2f000 	C:\WINDOWS\SYSTEM32\profapi.dll
0x00007ffb60000000 - 0x00007ffb60019000 	D:\Program Files\Java\jdk-11\bin\net.dll
0x00007ffb5c100000 - 0x00007ffb5c20a000 	C:\WINDOWS\SYSTEM32\WINHTTP.dll
0x00007ffb67730000 - 0x00007ffb6779a000 	C:\WINDOWS\system32\mswsock.dll
0x00007ffb5b2e0000 - 0x00007ffb5b2f3000 	D:\Program Files\Java\jdk-11\bin\nio.dll
0x00007ffb5a1c0000 - 0x00007ffb5a1da000 	E:\Program Files\JetBrains\IntelliJ IDEA 2020.2\bin\breakgen64.dll

dbghelp: loaded successfully - version: 4.0.5 - missing functions: none
symbol engine: initialized successfully - sym options: 0x614 - pdb path: .;D:\Program Files\Java\jdk-11\bin;C:\WINDOWS\SYSTEM32;C:\WINDOWS\WinSxS\amd64_microsoft.windows.common-controls_6595b64144ccf1df_6.0.19041.1110_none_60b5254171f9507e;D:\Program Files\Java\jdk-11\bin\server;E:\Program Files\JetBrains\IntelliJ IDEA 2020.2\bin

VM Arguments:
jvm_args: -Xmx10m -XX:+PrintStringTableStatistics -XX:+PrintGCDetails -verbose:gc -javaagent:E:\Program Files\JetBrains\IntelliJ IDEA 2020.2\lib\idea_rt.jar=5249:E:\Program Files\JetBrains\IntelliJ IDEA 2020.2\bin -Dfile.encoding=UTF-8 
java_command: jvm.stringtable.StringTableGC
java_class_path (initial): D:\Code\JavaEE\JVM\target\classes
Launcher Type: SUN_STANDARD

[Global flags]
     intx CICompilerCount                          = 4                                         {product} {ergonomic}
     uint ConcGCThreads                            = 2                                         {product} {ergonomic}
     uint G1ConcRefinementThreads                  = 8                                         {product} {ergonomic}
   size_t G1HeapRegionSize                         = 1048576                                   {product} {ergonomic}
    uintx GCDrainStackTargetSize                   = 64                                        {product} {ergonomic}
   size_t InitialHeapSize                          = 10485760                                  {product} {ergonomic}
   size_t MarkStackSize                            = 4194304                                   {product} {ergonomic}
   size_t MaxHeapSize                              = 10485760                                  {product} {command line}
   size_t MaxNewSize                               = 6291456                                   {product} {ergonomic}
   size_t MinHeapDeltaBytes                        = 1048576                                   {product} {ergonomic}
    uintx NonNMethodCodeHeapSize                   = 5835340                                {pd product} {ergonomic}
    uintx NonProfiledCodeHeapSize                  = 122911450                              {pd product} {ergonomic}
     bool PrintGCDetails                           = true                                      {product} {command line}
     bool PrintStringTableStatistics               = true                                      {product} {command line}
    uintx ProfiledCodeHeapSize                     = 122911450                              {pd product} {ergonomic}
    uintx ReservedCodeCacheSize                    = 251658240                              {pd product} {ergonomic}
     bool SegmentedCodeCache                       = true                                      {product} {ergonomic}
     bool UseCompressedClassPointers               = true                                 {lp64_product} {ergonomic}
     bool UseCompressedOops                        = true                                 {lp64_product} {ergonomic}
     bool UseG1GC                                  = true                                      {product} {ergonomic}
     bool UseLargePagesIndividualAllocation        = false                                  {pd product} {ergonomic}

Logging:
Log output configuration:
 #0: stdout all=warning,gc*=info uptime,level,tags
 #1: stderr all=off uptime,level,tags

Environment Variables:
JAVA_HOME=D:\Program Files\Java\jdk-11
PATH=C:\Program Files\NVIDIA GPU Computing Toolkit\CUDA\v10.1\bin;C:\Program Files\NVIDIA GPU Computing Toolkit\CUDA\v10.1\libnvvp;D:\ProgramData\Miniconda3;D:\ProgramData\Miniconda3\Library\mingw-w64\bin;D:\ProgramData\Miniconda3\Library\usr\bin;D:\ProgramData\Miniconda3\Library\bin;D:\ProgramData\Miniconda3\Scripts;D:\ProgramData\cuda\bin;C:\Program Files\NVIDIA GPU Computing Toolkit\CUDA\v10.0\bin;C:\Program Files\NVIDIA GPU Computing Toolkit\CUDA\v10.0\libnvvp;D:\Program Files\Python\Scripts\;D:\Program Files\Python\;C:\Windows\system32;C:\Windows;C:\Windows\System32\Wbem;C:\Windows\System32\WindowsPowerShell\v1.0\;C:\Windows\System32\OpenSSH\;D:\Program Files\Java\jdk-11\bin;D:\Program Files\apache-maven-3.6.3\bin;D:\Program Files\Git\cmd;C:\WINDOWS\system32;C:\WINDOWS;C:\WINDOWS\System32\Wbem;C:\WINDOWS\System32\WindowsPowerShell\v1.0\;C:\WINDOWS\System32\OpenSSH\;C:\Program Files (x86)\NVIDIA Corporation\PhysX\Common;D:\Program Files\mysql-8.0.21-winx64\mysql-8.0.21-winx64\bin;C:\Program Files\NVIDIA Corporation\NVIDIA NvDLISR;C:\Program Files\NVIDIA Corporation\NVSMI;C:\Program Files (x86)\Windows Kits\8.1\Windows Performance Toolkit\;D:\Program Files\MinGW\mingw64\bin;C:\Program Files\NVIDIA Corporation\Nsight Compute 2019.1\;D:\Program Files\nodejs\;%SystemRoot%\system32;%SystemRoot%;%SystemRoot%\System32\Wbem;%SYSTEMROOT%\System32\WindowsPowerShell\v1.0\;%SYSTEMROOT%\System32\OpenSSH\;C:\Users\Administrator\AppData\Local\Microsoft\WindowsApps;E:\Program Files\JetBrains\IntelliJ IDEA 2020.2\bin;;E:\Program Files\JetBrains\PyCharm 2020.2\bin;;D:\Program Files\Java\jdk-11\bin;;D:\Program Files (x86)\Microsoft VS Code\bin;C:\Users\Administrator\AppData\Roaming\npm
USERNAME=Administrator
OS=Windows_NT
PROCESSOR_IDENTIFIER=Intel64 Family 6 Model 158 Stepping 10, GenuineIntel



---------------  S Y S T E M  ---------------

OS: Windows 10 , 64 bit Build 19041 (10.0.19041.1023)

CPU:total 8 (initial active 8) (4 cores per cpu, 2 threads per core) family 6 model 158 stepping 10, cmov, cx8, fxsr, mmx, sse, sse2, sse3, ssse3, sse4.1, sse4.2, popcnt, avx, avx2, aes, clmul, erms, 3dnowpref, lzcnt, ht, tsc, tscinvbit, bmi1, bmi2, adx, fma

Memory: 4k page, system-wide physical 16244M (9376M free)
TotalPageFile size 18286M (AvailPageFile size 9011M)
current process WorkingSet (physical memory assigned to process): 32M, peak: 32M
current process commit charge ("private bytes"): 83M, peak: 83M

vm_info: Java HotSpot(TM) 64-Bit Server VM (11+28) for windows-amd64 JRE (11+28), built on Aug 23 2018 03:03:59 by "mach5one" with MS VC++ 15.5 (VS2017)

END.
